<?xml version="1.0" encoding="utf-8"?><testsuites name="pytest tests"><testsuite name="pytest" errors="0" failures="1" skipped="0" tests="13" time="11.065" timestamp="2026-07-30T22:38:24.459962+00:00" hostname="agent-env-f23ed50e-c9ab-48db-abcc-31e2aa0c196e"><testcase classname="tests.backend_test.TestMFA" name="test_full_mfa_challenge_flow" time="1.816"><failure message="AssertionError: challenge token should be rejected on protected endpoint, got 200&#10;assert 200 in (401, 403)&#10; +  where 200 = &lt;Response [200]&gt;.status_code">E   AssertionError: challenge token should be rejected on protected endpoint, got 200
    assert 200 in (401, 403)
     +  where 200 = &lt;Response [200]&gt;.status_code</failure></testcase><testcase classname="tests.backend_test.TestPasswordReset" name="test_forgot_password_known_email" time="0.411" /><testcase classname="tests.backend_test.TestPasswordReset" name="test_forgot_password_unknown_email_no_enum" time="0.069" /><testcase classname="tests.backend_test.TestPasswordReset" name="test_forgot_password_cooldown" time="0.153" /><testcase classname="tests.backend_test.TestPasswordReset" name="test_verify_otp_invalid_code" time="0.221" /><testcase classname="tests.backend_test.TestPasswordReset" name="test_verify_otp_no_active_code" time="0.070" /><testcase classname="tests.backend_test.TestPasswordReset" name="test_verify_otp_bad_format" time="0.071" /><testcase classname="tests.backend_test.TestPasswordReset" name="test_reset_password_requires_purpose_token" time="0.076" /><testcase classname="tests.backend_test.TestOCR" name="test_ocr_flag_on_completes" time="1.747" /><testcase classname="tests.backend_test.TestOCR" name="test_ocr_flag_off_no_ocr" time="4.268" /><testcase classname="tests.backend_test.TestOCR" name="test_ocr_manual_retry_endpoint" time="0.756" /><testcase classname="tests.backend_test.TestWebSocket" name="test_sockjs_info_endpoint" time="0.079" /><testcase classname="tests.backend_test.TestWebSocket" name="test_stomp_money_moved_broadcast" time="1.266" /></testsuite></testsuites>